<?xml version="1.0" encoding="UTF-8"?>
<!-- Generated by org.testng.reporters.JUnitXMLReporter -->
<testsuite ignored="0" hostname="Ahmed" failures="1" tests="5" name="Default test" time="20.484" errors="0" timestamp="2025-03-16T16:41:51 EET">
  <testcase classname="test.AmazonTest" name="loginTest" time="12.557"/>
  <testcase classname="test.AmazonTest" name="navigateToVideoGames" time="3.765">
    <failure type="java.lang.AssertionError" message="Exception in navigateToVideoGames: element click intercepted: Element &amp;lt;a href=&amp;quot;/gp/browse.html?node=16225016011&amp;amp;amp;ref_=nav_em__nav_desktop_sa_intl_video_games_0_2_27_2&amp;quot; class=&amp;quot;hmenu-item&amp;quot;&amp;gt;...&amp;lt;/a&amp;gt; is not clickable at point (174, 166). Other element would receive the click: &amp;lt;a href=&amp;quot;/gp/browse.html?node=16225016011&amp;amp;amp;ref_=nav_em__nav_desktop_sa_intl_video_games_0_2_27_2&amp;quot; class=&amp;quot;hmenu-item&amp;quot;&amp;gt;...&amp;lt;/a&amp;gt;
  (Session info: chrome=134.0.6998.89)
Build info: version: &amp;apos;4.27.0&amp;apos;, revision: &amp;apos;d6e718d134&amp;apos;
System info: os.name: &amp;apos;Windows 11&amp;apos;, os.arch: &amp;apos;amd64&amp;apos;, os.version: &amp;apos;10.0&amp;apos;, java.version: &amp;apos;21.0.3&amp;apos;
Driver info: org.openqa.selenium.chrome.ChromeDriver
Command: [8be02fddaa3edfc1e0d852fbe2211b2f, clickElement {id=f.44887E35BCC13588889D537A741B2E6A.d.879B949D30E5C590B5C1247D7134A5CA.e.173}]
Capabilities {acceptInsecureCerts: false, browserName: chrome, browserVersion: 134.0.6998.89, chrome: {chromedriverVersion: 134.0.6998.88 (7e3d5c978c6d..., userDataDir: C:\Users\ahmed\AppData\Loca...}, fedcm:accounts: true, goog:chromeOptions: {debuggerAddress: localhost:61426}, networkConnectionEnabled: false, pageLoadStrategy: normal, platformName: windows, proxy: Proxy(), se:cdp: ws://localhost:61426/devtoo..., se:cdpVersion: 134.0.6998.89, setWindowRect: true, strictFileInteractability: false, timeouts: {implicit: 0, pageLoad: 300000, script: 30000}, unhandledPromptBehavior: dismiss and notify, webauthn:extension:credBlob: true, webauthn:extension:largeBlob: true, webauthn:extension:minPinLength: true, webauthn:extension:prf: true, webauthn:virtualAuthenticators: true}
Element: [[ChromeDriver: chrome on windows (8be02fddaa3edfc1e0d852fbe2211b2f)] -&amp;gt; xpath: (//a[@class=&amp;apos;hmenu-item&amp;apos;][normalize-space()=&amp;apos;Video Games&amp;apos;])[3]]
Session ID: 8be02fddaa3edfc1e0d852fbe2211b2f">
      <![CDATA[java.lang.AssertionError: Exception in navigateToVideoGames: element click intercepted: Element <a href="/gp/browse.html?node=16225016011&amp;ref_=nav_em__nav_desktop_sa_intl_video_games_0_2_27_2" class="hmenu-item">...</a> is not clickable at point (174, 166). Other element would receive the click: <a href="/gp/browse.html?node=16225016011&amp;ref_=nav_em__nav_desktop_sa_intl_video_games_0_2_27_2" class="hmenu-item">...</a>
  (Session info: chrome=134.0.6998.89)
Build info: version: '4.27.0', revision: 'd6e718d134'
System info: os.name: 'Windows 11', os.arch: 'amd64', os.version: '10.0', java.version: '21.0.3'
Driver info: org.openqa.selenium.chrome.ChromeDriver
Command: [8be02fddaa3edfc1e0d852fbe2211b2f, clickElement {id=f.44887E35BCC13588889D537A741B2E6A.d.879B949D30E5C590B5C1247D7134A5CA.e.173}]
Capabilities {acceptInsecureCerts: false, browserName: chrome, browserVersion: 134.0.6998.89, chrome: {chromedriverVersion: 134.0.6998.88 (7e3d5c978c6d..., userDataDir: C:\Users\ahmed\AppData\Loca...}, fedcm:accounts: true, goog:chromeOptions: {debuggerAddress: localhost:61426}, networkConnectionEnabled: false, pageLoadStrategy: normal, platformName: windows, proxy: Proxy(), se:cdp: ws://localhost:61426/devtoo..., se:cdpVersion: 134.0.6998.89, setWindowRect: true, strictFileInteractability: false, timeouts: {implicit: 0, pageLoad: 300000, script: 30000}, unhandledPromptBehavior: dismiss and notify, webauthn:extension:credBlob: true, webauthn:extension:largeBlob: true, webauthn:extension:minPinLength: true, webauthn:extension:prf: true, webauthn:virtualAuthenticators: true}
Element: [[ChromeDriver: chrome on windows (8be02fddaa3edfc1e0d852fbe2211b2f)] -> xpath: (//a[@class='hmenu-item'][normalize-space()='Video Games'])[3]]
Session ID: 8be02fddaa3edfc1e0d852fbe2211b2f
at org.testng.Assert.fail(Assert.java:111)
at test.AmazonTest.navigateToVideoGames(AmazonTest.java:71)
at java.base/jdk.internal.reflect.DirectMethodHandleAccessor.invoke(DirectMethodHandleAccessor.java:103)
at java.base/java.lang.reflect.Method.invoke(Method.java:580)
at org.testng.internal.invokers.MethodInvocationHelper.invokeMethod(MethodInvocationHelper.java:141)
at org.testng.internal.invokers.TestInvoker.invokeMethod(TestInvoker.java:687)
at org.testng.internal.invokers.TestInvoker.invokeTestMethod(TestInvoker.java:230)
at org.testng.internal.invokers.MethodRunner.runInSequence(MethodRunner.java:63)
at org.testng.internal.invokers.TestInvoker$MethodInvocationAgent.invoke(TestInvoker.java:995)
at org.testng.internal.invokers.TestInvoker.invokeTestMethods(TestInvoker.java:203)
at org.testng.internal.invokers.TestMethodWorker.invokeTestMethods(TestMethodWorker.java:154)
at org.testng.internal.invokers.TestMethodWorker.run(TestMethodWorker.java:134)
at java.base/java.util.ArrayList.forEach(ArrayList.java:1596)
at org.testng.TestRunner.privateRun(TestRunner.java:741)
at org.testng.TestRunner.run(TestRunner.java:616)
at org.testng.SuiteRunner.runTest(SuiteRunner.java:421)
at org.testng.SuiteRunner.runSequentially(SuiteRunner.java:413)
at org.testng.SuiteRunner.privateRun(SuiteRunner.java:373)
at org.testng.SuiteRunner.run(SuiteRunner.java:312)
at org.testng.SuiteRunnerWorker.runSuite(SuiteRunnerWorker.java:52)
at org.testng.SuiteRunnerWorker.run(SuiteRunnerWorker.java:95)
at org.testng.TestNG.runSuitesSequentially(TestNG.java:1274)
at org.testng.TestNG.runSuitesLocally(TestNG.java:1208)
at org.testng.TestNG.runSuites(TestNG.java:1112)
at org.testng.TestNG.run(TestNG.java:1079)
at org.testng.remote.AbstractRemoteTestNG.run(AbstractRemoteTestNG.java:115)
at org.testng.remote.RemoteTestNG.initAndRun(RemoteTestNG.java:293)
at org.testng.remote.RemoteTestNG.main(RemoteTestNG.java:91)
]]>
    </failure>
  </testcase> <!-- navigateToVideoGames -->
  <testcase classname="test.AmazonTest" name="applyFiltersAndSort" time="0.0">
    <skipped/>
  </testcase> <!-- applyFiltersAndSort -->
  <testcase classname="test.AmazonTest" name="addToCartAndVerify" time="0.0">
    <skipped/>
  </testcase> <!-- addToCartAndVerify -->
  <testcase classname="test.AmazonTest" name="checkoutAndVerifyTotal" time="0.0">
    <skipped/>
  </testcase> <!-- checkoutAndVerifyTotal -->
</testsuite> <!-- Default test -->
